Using TensorFlow backend.
I tensorflow/stream_executor/dso_loader.cc:128] successfully opened CUDA library libcublas.so locally
I tensorflow/stream_executor/dso_loader.cc:128] successfully opened CUDA library libcudnn.so locally
I tensorflow/stream_executor/dso_loader.cc:128] successfully opened CUDA library libcufft.so locally
I tensorflow/stream_executor/dso_loader.cc:128] successfully opened CUDA library libcuda.so.1 locally
I tensorflow/stream_executor/dso_loader.cc:128] successfully opened CUDA library libcurand.so locally
KERAS version 1.2.1
I tensorflow/stream_executor/cuda/cuda_gpu_executor.cc:937] successful NUMA node read from SysFS had negative value (-1), but there must be at least one NUMA node, so returning NUMA node zero
I tensorflow/core/common_runtime/gpu/gpu_device.cc:885] Found device 0 with properties:
name: GRID K520
major: 3 minor: 0 memoryClockRate (GHz) 0.797
pciBusID 0000:00:03.0
Total memory: 3.94GiB
Free memory: 3.91GiB
I tensorflow/core/common_runtime/gpu/gpu_device.cc:906] DMA: 0
I tensorflow/core/common_runtime/gpu/gpu_device.cc:916] 0:   Y
I tensorflow/core/common_runtime/gpu/gpu_device.cc:975] Creating TensorFlow device (/gpu:0) -> (device: 0, name: GRID K520, pci bus id: 0000:00:03.0)
Epoch 1/5
34029/34074 [============================>.] - ETA: 0s - loss: 0.0049Epoch 00000: val_loss improved from inf to 0.00265, saving model to ./model.h5
34074/34074 [==============================] - 92s - loss: 0.0049 - val_loss: 0.0026
Epoch 2/5
34029/34074 [============================>.] - ETA: 0s - loss: 0.0048Epoch 00001: val_loss improved from 0.00265 to 0.00259, saving model to ./model.h5
34074/34074 [==============================] - 90s - loss: 0.0048 - val_loss: 0.0026
Epoch 3/5
34029/34074 [============================>.] - ETA: 0s - loss: 0.0048Epoch 00002: val_loss did not improve
34074/34074 [==============================] - 90s - loss: 0.0048 - val_loss: 0.0026
Epoch 4/5
34029/34074 [============================>.] - ETA: 0s - loss: 0.0046Epoch 00003: val_loss improved from 0.00259 to 0.00241, saving model to ./model.h5
34074/34074 [==============================] - 90s - loss: 0.0046 - val_loss: 0.0024
Epoch 5/5
34029/34074 [============================>.] - ETA: 0s - loss: 0.0047Epoch 00004: val_loss improved from 0.00241 to 0.00220, saving model to ./model.h5
34074/34074 [==============================] - 89s - loss: 0.0047 - val_loss: 0.0022
